"2023-12-26 18:12:59,657 INFO  [restartedMain] com.project.StudentManagementApplication:Starting StudentManagementApplication using Java 18.0.2 on yupe with PID 49039 (/mnt/depo/Coding Projects/intelliJ_Workspace/190-191-192-193-JAVA-DEV-MOBILE-TR-main/15 - BackendProject/StudentManagement/target/classes started by yupe in /mnt/depo/Coding Projects/intelliJ_Workspace/190-191-192-193-JAVA-DEV-MOBILE-TR-main/15 - BackendProject/StudentManagement)
""2023-12-26 18:12:59,682 INFO  [restartedMain] com.project.StudentManagementApplication:No active profile set, falling back to 1 default profile: "default"
""2023-12-26 18:12:59,827 INFO  [restartedMain] org.springframework.boot.devtools.env.DevToolsPropertyDefaultsPostProcessor:Devtools property defaults active! Set 'spring.devtools.add-properties' to 'false' to disable
""2023-12-26 18:12:59,827 INFO  [restartedMain] org.springframework.boot.devtools.env.DevToolsPropertyDefaultsPostProcessor:For additional web related logging consider setting the 'logging.level.web' property to 'DEBUG'
""2023-12-26 18:13:01,347 INFO  [restartedMain] org.springframework.data.repository.config.RepositoryConfigurationDelegate:Bootstrapping Spring Data JPA repositories in DEFAULT mode.
""2023-12-26 18:13:01,438 INFO  [restartedMain] org.springframework.data.repository.config.RepositoryConfigurationDelegate:Finished Spring Data repository scanning in 81 ms. Found 8 JPA repository interfaces.
""2023-12-26 18:13:02,293 INFO  [restartedMain] org.springframework.boot.web.embedded.tomcat.TomcatWebServer:Tomcat initialized with port(s): 8080 (http)
""2023-12-26 18:13:02,301 INFO  [restartedMain] org.apache.catalina.core.StandardService:Starting service [Tomcat]
""2023-12-26 18:13:02,301 INFO  [restartedMain] org.apache.catalina.core.StandardEngine:Starting Servlet engine: [Apache Tomcat/9.0.68]
""2023-12-26 18:13:02,372 INFO  [restartedMain] org.apache.catalina.core.ContainerBase.[Tomcat].[localhost].[/]:Initializing Spring embedded WebApplicationContext
""2023-12-26 18:13:02,373 INFO  [restartedMain] org.springframework.boot.web.servlet.context.ServletWebServerApplicationContext:Root WebApplicationContext: initialization completed in 2544 ms
""2023-12-26 18:13:02,633 INFO  [restartedMain] org.hibernate.jpa.internal.util.LogHelper:HHH000204: Processing PersistenceUnitInfo [name: default]
""2023-12-26 18:13:02,697 INFO  [restartedMain] org.hibernate.Version:HHH000412: Hibernate ORM core version 5.6.12.Final
""2023-12-26 18:13:02,901 INFO  [restartedMain] org.hibernate.annotations.common.Version:HCANN000001: Hibernate Commons Annotations {5.1.2.Final}
""2023-12-26 18:13:03,022 INFO  [restartedMain] com.zaxxer.hikari.HikariDataSource:HikariPool-1 - Starting...
""2023-12-26 18:13:03,423 INFO  [restartedMain] com.zaxxer.hikari.HikariDataSource:HikariPool-1 - Start completed.
""2023-12-26 18:13:03,443 INFO  [restartedMain] org.hibernate.dialect.Dialect:HHH000400: Using dialect: org.hibernate.dialect.PostgreSQL81Dialect
""2023-12-26 18:13:04,685 INFO  [restartedMain] org.hibernate.engine.transaction.jta.platform.internal.JtaPlatformInitiator:HHH000490: Using JtaPlatform implementation: [org.hibernate.engine.transaction.jta.platform.internal.NoJtaPlatform]
""2023-12-26 18:13:04,694 INFO  [restartedMain] org.springframework.orm.jpa.LocalContainerEntityManagerFactoryBean:Initialized JPA EntityManagerFactory for persistence unit 'default'
""2023-12-26 18:13:06,106 WARN  [restartedMain] org.springframework.boot.autoconfigure.orm.jpa.JpaBaseConfiguration$JpaWebConfiguration:spring.jpa.open-in-view is enabled by default. Therefore, database queries may be performed during view rendering. Explicitly configure spring.jpa.open-in-view to disable this warning
""2023-12-26 18:13:07,004 INFO  [restartedMain] org.springframework.security.web.DefaultSecurityFilterChain:Will secure any request with [org.springframework.security.web.session.DisableEncodeUrlFilter@ac0647c, org.springframework.security.web.context.request.async.WebAsyncManagerIntegrationFilter@2d3ac904, org.springframework.security.web.context.SecurityContextPersistenceFilter@43c80a8a, org.springframework.security.web.header.HeaderWriterFilter@62e49cc5, org.springframework.web.filter.CorsFilter@1d8fc0c7, org.springframework.security.web.authentication.logout.LogoutFilter@5691be74, com.project.security.jwt.AuthTokenFilter@3de1a86e, org.springframework.security.web.savedrequest.RequestCacheAwareFilter@219980c5, org.springframework.security.web.servletapi.SecurityContextHolderAwareRequestFilter@7b582812, org.springframework.security.web.authentication.AnonymousAuthenticationFilter@7b6e2c3a, org.springframework.security.web.session.SessionManagementFilter@64753944, org.springframework.security.web.access.ExceptionTranslationFilter@66a96e71, org.springframework.security.web.access.intercept.FilterSecurityInterceptor@1817f951]
""2023-12-26 18:13:07,267 INFO  [restartedMain] org.springframework.boot.devtools.autoconfigure.OptionalLiveReloadServer:LiveReload server is running on port 35729
""2023-12-26 18:13:07,298 INFO  [restartedMain] org.springframework.boot.web.embedded.tomcat.TomcatWebServer:Tomcat started on port(s): 8080 (http) with context path ''
""2023-12-26 18:13:07,308 INFO  [restartedMain] com.project.StudentManagementApplication:Started StudentManagementApplication in 8.387 seconds (JVM running for 9.682)
""2023-12-26 18:13:19,879 INFO  [http-nio-8080-exec-1] org.apache.catalina.core.ContainerBase.[Tomcat].[localhost].[/]:Initializing Spring DispatcherServlet 'dispatcherServlet'
""2023-12-26 18:13:33,914 INFO  [http-nio-8080-exec-10] org.springdoc.api.AbstractOpenApiResource:Init duration for springdoc-openapi is: 2135 ms
""2023-12-26 18:14:10,728 INFO  [SpringApplicationShutdownHook] org.springframework.orm.jpa.LocalContainerEntityManagerFactoryBean:Closing JPA EntityManagerFactory for persistence unit 'default'
""2023-12-26 18:14:10,737 INFO  [SpringApplicationShutdownHook] com.zaxxer.hikari.HikariDataSource:HikariPool-1 - Shutdown initiated...
""2023-12-26 18:14:10,800 INFO  [SpringApplicationShutdownHook] com.zaxxer.hikari.HikariDataSource:HikariPool-1 - Shutdown completed.
""2023-12-26 20:32:28,130 INFO  [restartedMain] com.project.StudentManagementApplication:Starting StudentManagementApplication using Java 18.0.2 on yupe with PID 65799 (/mnt/depo/Coding Projects/intelliJ_Workspace/190-191-192-193-JAVA-DEV-MOBILE-TR-main/15 - BackendProject/StudentManagement/target/classes started by yupe in /mnt/depo/Coding Projects/intelliJ_Workspace/190-191-192-193-JAVA-DEV-MOBILE-TR-main/15 - BackendProject/StudentManagement)
""2023-12-26 20:32:28,142 INFO  [restartedMain] com.project.StudentManagementApplication:No active profile set, falling back to 1 default profile: "default"
""2023-12-26 20:32:28,391 INFO  [restartedMain] org.springframework.boot.devtools.env.DevToolsPropertyDefaultsPostProcessor:Devtools property defaults active! Set 'spring.devtools.add-properties' to 'false' to disable
""2023-12-26 20:32:28,392 INFO  [restartedMain] org.springframework.boot.devtools.env.DevToolsPropertyDefaultsPostProcessor:For additional web related logging consider setting the 'logging.level.web' property to 'DEBUG'
""2023-12-26 20:32:30,821 INFO  [restartedMain] org.springframework.data.repository.config.RepositoryConfigurationDelegate:Bootstrapping Spring Data JPA repositories in DEFAULT mode.
""2023-12-26 20:32:31,071 INFO  [restartedMain] org.springframework.data.repository.config.RepositoryConfigurationDelegate:Finished Spring Data repository scanning in 231 ms. Found 8 JPA repository interfaces.
""2023-12-26 20:32:32,777 INFO  [restartedMain] org.springframework.boot.web.embedded.tomcat.TomcatWebServer:Tomcat initialized with port(s): 8080 (http)
""2023-12-26 20:32:32,795 INFO  [restartedMain] org.apache.catalina.core.StandardService:Starting service [Tomcat]
""2023-12-26 20:32:32,795 INFO  [restartedMain] org.apache.catalina.core.StandardEngine:Starting Servlet engine: [Apache Tomcat/9.0.68]
""2023-12-26 20:32:32,919 INFO  [restartedMain] org.apache.catalina.core.ContainerBase.[Tomcat].[localhost].[/]:Initializing Spring embedded WebApplicationContext
""2023-12-26 20:32:32,920 INFO  [restartedMain] org.springframework.boot.web.servlet.context.ServletWebServerApplicationContext:Root WebApplicationContext: initialization completed in 4509 ms
""2023-12-26 20:32:33,329 INFO  [restartedMain] org.hibernate.jpa.internal.util.LogHelper:HHH000204: Processing PersistenceUnitInfo [name: default]
""2023-12-26 20:32:33,439 INFO  [restartedMain] org.hibernate.Version:HHH000412: Hibernate ORM core version 5.6.12.Final
""2023-12-26 20:32:33,743 INFO  [restartedMain] org.hibernate.annotations.common.Version:HCANN000001: Hibernate Commons Annotations {5.1.2.Final}
""2023-12-26 20:32:33,997 INFO  [restartedMain] com.zaxxer.hikari.HikariDataSource:HikariPool-1 - Starting...
""2023-12-26 20:32:34,686 INFO  [restartedMain] com.zaxxer.hikari.HikariDataSource:HikariPool-1 - Start completed.
""2023-12-26 20:32:34,721 INFO  [restartedMain] org.hibernate.dialect.Dialect:HHH000400: Using dialect: org.hibernate.dialect.PostgreSQL81Dialect
""2023-12-26 20:32:36,872 INFO  [restartedMain] org.hibernate.engine.transaction.jta.platform.internal.JtaPlatformInitiator:HHH000490: Using JtaPlatform implementation: [org.hibernate.engine.transaction.jta.platform.internal.NoJtaPlatform]
""2023-12-26 20:32:36,886 INFO  [restartedMain] org.springframework.orm.jpa.LocalContainerEntityManagerFactoryBean:Initialized JPA EntityManagerFactory for persistence unit 'default'
""2023-12-26 20:32:39,548 WARN  [restartedMain] org.springframework.boot.autoconfigure.orm.jpa.JpaBaseConfiguration$JpaWebConfiguration:spring.jpa.open-in-view is enabled by default. Therefore, database queries may be performed during view rendering. Explicitly configure spring.jpa.open-in-view to disable this warning
""2023-12-26 20:32:41,047 INFO  [restartedMain] org.springframework.security.web.DefaultSecurityFilterChain:Will secure any request with [org.springframework.security.web.session.DisableEncodeUrlFilter@4ba345aa, org.springframework.security.web.context.request.async.WebAsyncManagerIntegrationFilter@72deebc2, org.springframework.security.web.context.SecurityContextPersistenceFilter@763cf86f, org.springframework.security.web.header.HeaderWriterFilter@34f741a7, org.springframework.web.filter.CorsFilter@68082f9f, org.springframework.security.web.authentication.logout.LogoutFilter@418d1bd9, com.project.security.jwt.AuthTokenFilter@3f90af02, org.springframework.security.web.savedrequest.RequestCacheAwareFilter@581a74d, org.springframework.security.web.servletapi.SecurityContextHolderAwareRequestFilter@6719a8cc, org.springframework.security.web.authentication.AnonymousAuthenticationFilter@2af28876, org.springframework.security.web.session.SessionManagementFilter@1f4ff676, org.springframework.security.web.access.ExceptionTranslationFilter@73a1a785, org.springframework.security.web.access.intercept.FilterSecurityInterceptor@651b8bef]
""2023-12-26 20:32:41,809 INFO  [restartedMain] org.springframework.boot.devtools.autoconfigure.OptionalLiveReloadServer:LiveReload server is running on port 35729
""2023-12-26 20:32:41,882 INFO  [restartedMain] org.springframework.boot.web.embedded.tomcat.TomcatWebServer:Tomcat started on port(s): 8080 (http) with context path ''
""2023-12-26 20:32:41,938 INFO  [restartedMain] com.project.StudentManagementApplication:Started StudentManagementApplication in 15.005 seconds (JVM running for 17.179)
""2023-12-26 20:34:56,488 INFO  [http-nio-8080-exec-1] org.apache.catalina.core.ContainerBase.[Tomcat].[localhost].[/]:Initializing Spring DispatcherServlet 'dispatcherServlet'
""2023-12-26 20:34:56,532 ERROR [http-nio-8080-exec-1] com.project.security.jwt.AuthEntryPointJwt:Unauthorized error Full authentication is required to access this resource
""2023-12-26 20:39:23,332 ERROR [http-nio-8080-exec-7] com.project.security.jwt.AuthEntryPointJwt:Unauthorized error Full authentication is required to access this resource
""2023-12-26 20:45:00,024 ERROR [http-nio-8080-exec-4] com.project.security.jwt.AuthEntryPointJwt:Unauthorized error Full authentication is required to access this resource
""2023-12-26 20:49:17,132 ERROR [http-nio-8080-exec-1] com.project.security.jwt.AuthEntryPointJwt:Unauthorized error Full authentication is required to access this resource
""2023-12-26 20:51:55,645 ERROR [http-nio-8080-exec-6] com.project.security.jwt.AuthEntryPointJwt:Unauthorized error Full authentication is required to access this resource
""2023-12-26 20:55:22,019 ERROR [http-nio-8080-exec-4] com.project.security.jwt.AuthEntryPointJwt:Unauthorized error Full authentication is required to access this resource
""2023-12-26 20:58:54,382 ERROR [http-nio-8080-exec-9] com.project.security.jwt.AuthEntryPointJwt:Unauthorized error Full authentication is required to access this resource
""2023-12-26 21:00:26,394 ERROR [http-nio-8080-exec-2] com.project.security.jwt.AuthEntryPointJwt:Unauthorized error Full authentication is required to access this resource
""2023-12-26 21:01:21,838 WARN  [http-nio-8080-exec-4] org.springframework.web.servlet.mvc.support.DefaultHandlerExceptionResolver:Resolved [org.springframework.web.bind.MissingServletRequestParameterException: Required request parameter 'type' for method parameter type String is not present]
""2023-12-26 21:03:36,949 ERROR [http-nio-8080-exec-8] com.project.security.jwt.AuthEntryPointJwt:Unauthorized error Full authentication is required to access this resource
""2023-12-26 21:06:49,216 ERROR [http-nio-8080-exec-4] com.project.security.jwt.AuthEntryPointJwt:Unauthorized error Full authentication is required to access this resource
""2023-12-26 21:07:30,273 WARN  [http-nio-8080-exec-7] org.springframework.web.servlet.mvc.annotation.ResponseStatusExceptionResolver:Resolved [com.project.exception.ResourceNotFoundException: Error: Student Info with id : 2 not found]
""2023-12-26 21:08:22,748 ERROR [http-nio-8080-exec-10] com.project.security.jwt.AuthEntryPointJwt:Unauthorized error Full authentication is required to access this resource
""2023-12-26 21:10:40,128 ERROR [http-nio-8080-exec-5] com.project.security.jwt.AuthEntryPointJwt:Unauthorized error Full authentication is required to access this resource
""2023-12-26 21:11:52,761 ERROR [http-nio-8080-exec-10] com.project.security.jwt.AuthEntryPointJwt:Unauthorized error Full authentication is required to access this resource
""2023-12-26 21:13:02,613 WARN  [http-nio-8080-exec-1] org.springframework.web.servlet.mvc.annotation.ResponseStatusExceptionResolver:Resolved [com.project.exception.ResourceNotFoundException: Error: The role information of the user with id 1 is not role: STUDENT]
""2023-12-26 21:13:22,253 WARN  [http-nio-8080-exec-2] org.springframework.web.servlet.mvc.annotation.ResponseStatusExceptionResolver:Resolved [com.project.exception.ResourceNotFoundException: Error: The role information of the user with id 2 is not role: STUDENT]
""2023-12-26 21:13:41,400 WARN  [http-nio-8080-exec-4] org.springframework.web.servlet.mvc.annotation.ResponseStatusExceptionResolver:Resolved [com.project.exception.ResourceNotFoundException: Error: User not found with id : 4]
""2023-12-26 21:14:48,840 ERROR [http-nio-8080-exec-6] com.project.security.jwt.AuthEntryPointJwt:Unauthorized error Full authentication is required to access this resource
""2023-12-26 21:17:15,167 WARN  [http-nio-8080-exec-10] org.springframework.web.servlet.mvc.support.DefaultHandlerExceptionResolver:Resolved [org.springframework.http.converter.HttpMessageNotReadableException: JSON parse error: Cannot deserialize value of type `java.time.LocalTime` from String "12:30": Failed to deserialize java.time.LocalTime: (java.time.format.DateTimeParseException) Text '12:30' could not be parsed at index 0; nested exception is com.fasterxml.jackson.databind.exc.InvalidFormatException: Cannot deserialize value of type `java.time.LocalTime` from String "12:30": Failed to deserialize java.time.LocalTime: (java.time.format.DateTimeParseException) Text '12:30' could not be parsed at index 0<EOL> at [Source: (org.springframework.util.StreamUtils$NonClosingInputStream); line: 4, column: 24] (through reference chain: com.project.payload.request.business.MeetRequest["startTime"])]
""2023-12-26 21:20:25,868 WARN  [http-nio-8080-exec-9] org.springframework.web.servlet.mvc.support.DefaultHandlerExceptionResolver:Resolved [org.springframework.http.converter.HttpMessageNotReadableException: JSON parse error: Cannot deserialize value of type `java.time.LocalTime` from String "12:30": Failed to deserialize java.time.LocalTime: (java.time.format.DateTimeParseException) Text '12:30' could not be parsed at index 0; nested exception is com.fasterxml.jackson.databind.exc.InvalidFormatException: Cannot deserialize value of type `java.time.LocalTime` from String "12:30": Failed to deserialize java.time.LocalTime: (java.time.format.DateTimeParseException) Text '12:30' could not be parsed at index 0<EOL> at [Source: (org.springframework.util.StreamUtils$NonClosingInputStream); line: 4, column: 24] (through reference chain: com.project.payload.request.business.MeetRequest["startTime"])]
""2023-12-26 21:20:34,951 INFO  [SpringApplicationShutdownHook] org.springframework.orm.jpa.LocalContainerEntityManagerFactoryBean:Closing JPA EntityManagerFactory for persistence unit 'default'
""2023-12-26 21:20:34,961 INFO  [SpringApplicationShutdownHook] com.zaxxer.hikari.HikariDataSource:HikariPool-1 - Shutdown initiated...
""2023-12-26 21:20:34,989 INFO  [SpringApplicationShutdownHook] com.zaxxer.hikari.HikariDataSource:HikariPool-1 - Shutdown completed.
""2023-12-26 21:20:56,761 INFO  [restartedMain] com.project.StudentManagementApplication:Starting StudentManagementApplication using Java 18.0.2 on yupe with PID 73132 (/mnt/depo/Coding Projects/intelliJ_Workspace/190-191-192-193-JAVA-DEV-MOBILE-TR-main/15 - BackendProject/StudentManagement/target/classes started by yupe in /mnt/depo/Coding Projects/intelliJ_Workspace/190-191-192-193-JAVA-DEV-MOBILE-TR-main/15 - BackendProject/StudentManagement)
""2023-12-26 21:20:56,774 INFO  [restartedMain] com.project.StudentManagementApplication:No active profile set, falling back to 1 default profile: "default"
""2023-12-26 21:20:57,052 INFO  [restartedMain] org.springframework.boot.devtools.env.DevToolsPropertyDefaultsPostProcessor:Devtools property defaults active! Set 'spring.devtools.add-properties' to 'false' to disable
""2023-12-26 21:20:57,052 INFO  [restartedMain] org.springframework.boot.devtools.env.DevToolsPropertyDefaultsPostProcessor:For additional web related logging consider setting the 'logging.level.web' property to 'DEBUG'
""2023-12-26 21:21:00,110 INFO  [restartedMain] org.springframework.data.repository.config.RepositoryConfigurationDelegate:Bootstrapping Spring Data JPA repositories in DEFAULT mode.
""2023-12-26 21:21:00,277 INFO  [restartedMain] org.springframework.data.repository.config.RepositoryConfigurationDelegate:Finished Spring Data repository scanning in 159 ms. Found 8 JPA repository interfaces.
""2023-12-26 21:21:02,378 INFO  [restartedMain] org.springframework.boot.web.embedded.tomcat.TomcatWebServer:Tomcat initialized with port(s): 8080 (http)
""2023-12-26 21:21:02,401 INFO  [restartedMain] org.apache.catalina.core.StandardService:Starting service [Tomcat]
""2023-12-26 21:21:02,402 INFO  [restartedMain] org.apache.catalina.core.StandardEngine:Starting Servlet engine: [Apache Tomcat/9.0.68]
""2023-12-26 21:21:02,559 INFO  [restartedMain] org.apache.catalina.core.ContainerBase.[Tomcat].[localhost].[/]:Initializing Spring embedded WebApplicationContext
""2023-12-26 21:21:02,559 INFO  [restartedMain] org.springframework.boot.web.servlet.context.ServletWebServerApplicationContext:Root WebApplicationContext: initialization completed in 5505 ms
""2023-12-26 21:21:02,968 INFO  [restartedMain] org.hibernate.jpa.internal.util.LogHelper:HHH000204: Processing PersistenceUnitInfo [name: default]
""2023-12-26 21:21:03,058 INFO  [restartedMain] org.hibernate.Version:HHH000412: Hibernate ORM core version 5.6.12.Final
""2023-12-26 21:21:03,462 INFO  [restartedMain] org.hibernate.annotations.common.Version:HCANN000001: Hibernate Commons Annotations {5.1.2.Final}
""2023-12-26 21:21:03,783 INFO  [restartedMain] com.zaxxer.hikari.HikariDataSource:HikariPool-1 - Starting...
""2023-12-26 21:21:04,498 INFO  [restartedMain] com.zaxxer.hikari.HikariDataSource:HikariPool-1 - Start completed.
""2023-12-26 21:21:04,524 INFO  [restartedMain] org.hibernate.dialect.Dialect:HHH000400: Using dialect: org.hibernate.dialect.PostgreSQL81Dialect
""2023-12-26 21:21:06,894 INFO  [restartedMain] org.hibernate.engine.transaction.jta.platform.internal.JtaPlatformInitiator:HHH000490: Using JtaPlatform implementation: [org.hibernate.engine.transaction.jta.platform.internal.NoJtaPlatform]
""2023-12-26 21:21:06,903 INFO  [restartedMain] org.springframework.orm.jpa.LocalContainerEntityManagerFactoryBean:Initialized JPA EntityManagerFactory for persistence unit 'default'
""2023-12-26 21:21:09,561 WARN  [restartedMain] org.springframework.boot.autoconfigure.orm.jpa.JpaBaseConfiguration$JpaWebConfiguration:spring.jpa.open-in-view is enabled by default. Therefore, database queries may be performed during view rendering. Explicitly configure spring.jpa.open-in-view to disable this warning
""2023-12-26 21:21:10,886 INFO  [restartedMain] org.springframework.security.web.DefaultSecurityFilterChain:Will secure any request with [org.springframework.security.web.session.DisableEncodeUrlFilter@56acacbc, org.springframework.security.web.context.request.async.WebAsyncManagerIntegrationFilter@784cb343, org.springframework.security.web.context.SecurityContextPersistenceFilter@1bba1ef7, org.springframework.security.web.header.HeaderWriterFilter@690c3b8a, org.springframework.web.filter.CorsFilter@4f3f7c8a, org.springframework.security.web.authentication.logout.LogoutFilter@22822a55, com.project.security.jwt.AuthTokenFilter@b4bee9, org.springframework.security.web.savedrequest.RequestCacheAwareFilter@c722fe7, org.springframework.security.web.servletapi.SecurityContextHolderAwareRequestFilter@65ca06cf, org.springframework.security.web.authentication.AnonymousAuthenticationFilter@412f1aaa, org.springframework.security.web.session.SessionManagementFilter@4cd8e748, org.springframework.security.web.access.ExceptionTranslationFilter@3cf832e6, org.springframework.security.web.access.intercept.FilterSecurityInterceptor@20d1c3e1]
""2023-12-26 21:21:11,635 INFO  [restartedMain] org.springframework.boot.devtools.autoconfigure.OptionalLiveReloadServer:LiveReload server is running on port 35729
""2023-12-26 21:21:11,702 INFO  [restartedMain] org.springframework.boot.web.embedded.tomcat.TomcatWebServer:Tomcat started on port(s): 8080 (http) with context path ''
""2023-12-26 21:21:11,736 INFO  [restartedMain] com.project.StudentManagementApplication:Started StudentManagementApplication in 16.257 seconds (JVM running for 17.619)
""2023-12-26 21:21:26,837 INFO  [http-nio-8080-exec-1] org.apache.catalina.core.ContainerBase.[Tomcat].[localhost].[/]:Initializing Spring DispatcherServlet 'dispatcherServlet'
""2023-12-26 21:21:27,413 WARN  [http-nio-8080-exec-1] org.springframework.web.servlet.mvc.support.DefaultHandlerExceptionResolver:Resolved [org.springframework.web.bind.MethodArgumentNotValidException: Validation failed for argument [1] in public com.project.payload.response.ResponseMessage<com.project.payload.response.business.MeetResponse> com.project.controller.business.MeetController.saveMeet(javax.servlet.http.HttpServletRequest,com.project.payload.request.business.MeetRequest): [Field error in object 'meetRequest' on field 'date': rejected value [2023-12-15]; codes [Future.meetRequest.date,Future.date,Future.java.time.LocalDate,Future]; arguments [org.springframework.context.support.DefaultMessageSourceResolvable: codes [meetRequest.date,date]; arguments []; default message [date]]; default message [must be a future date]] ]
""2023-12-26 21:22:32,004 WARN  [http-nio-8080-exec-2] org.springframework.web.servlet.mvc.annotation.ResponseStatusExceptionResolver:Resolved [com.project.exception.ResourceNotFoundException: Error: The role information of the user with id 2 is not role: STUDENT]
""2023-12-26 21:23:23,892 ERROR [http-nio-8080-exec-4] com.project.security.jwt.AuthEntryPointJwt:Unauthorized error Full authentication is required to access this resource
""2023-12-26 21:24:28,704 ERROR [http-nio-8080-exec-8] com.project.security.jwt.AuthEntryPointJwt:Unauthorized error Full authentication is required to access this resource
""2023-12-26 21:25:09,685 WARN  [http-nio-8080-exec-1] org.springframework.web.servlet.mvc.annotation.ResponseStatusExceptionResolver:Resolved [com.project.exception.ResourceNotFoundException: Error: Meet with id 2 not found]
""2023-12-26 21:26:06,194 ERROR [http-nio-8080-exec-4] com.project.security.jwt.AuthEntryPointJwt:Unauthorized error Full authentication is required to access this resource
""2023-12-26 21:27:03,988 ERROR [http-nio-8080-exec-6] com.project.security.jwt.AuthEntryPointJwt:Unauthorized error Full authentication is required to access this resource
""2023-12-26 21:29:07,989 ERROR [http-nio-8080-exec-9] com.project.security.jwt.AuthEntryPointJwt:Unauthorized error Full authentication is required to access this resource
""2023-12-26 21:30:19,913 ERROR [http-nio-8080-exec-3] com.project.security.jwt.AuthEntryPointJwt:Unauthorized error Full authentication is required to access this resource
""2023-12-26 21:31:25,912 ERROR [http-nio-8080-exec-7] com.project.security.jwt.AuthEntryPointJwt:Unauthorized error Full authentication is required to access this resource
""2023-12-26 21:44:50,753 INFO  [http-nio-8080-exec-1] org.springdoc.api.AbstractOpenApiResource:Init duration for springdoc-openapi is: 4422 ms
""2023-12-26 21:52:52,012 INFO  [SpringApplicationShutdownHook] org.springframework.orm.jpa.LocalContainerEntityManagerFactoryBean:Closing JPA EntityManagerFactory for persistence unit 'default'
""2023-12-26 21:52:52,017 INFO  [SpringApplicationShutdownHook] com.zaxxer.hikari.HikariDataSource:HikariPool-1 - Shutdown initiated...
""2023-12-26 21:52:52,041 INFO  [SpringApplicationShutdownHook] com.zaxxer.hikari.HikariDataSource:HikariPool-1 - Shutdown completed.
"